# JRE version: OpenJDK Runtime Environment Corretto-18.0.2.9.1 (18.0.2+9) (build 18.0.2+9-FR)
# Java VM: OpenJDK 64-Bit Server VM Corretto-18.0.2.9.1 (18.0.2+9-FR, mixed mode, emulated-client, sharing, tiered, compressed oops, compressed class ptrs, g1 gc, windows-amd64)
GC Precious Log:
 CardTable entry size: 512
 Card Set container configuration: InlinePtr #cards 4 size 8 Array Of Cards #cards 16 size 48 Howl #buckets 8 coarsen threshold 3686 Howl Bitmap #cards 512 size 80 coarsen threshold 460 Card regions per heap region 1 cards per card region 4096
 CPUs: 8 total, 8 available
 Memory: 16167M
 Large Page Support: Disabled
 NUMA Support: Disabled
 Compressed Oops: Enabled (Zero based)
 Heap Region Size: 2M
 Heap Min Capacity: 8M
 Heap Initial Capacity: 254M
 Heap Max Capacity: 4042M
 Pre-touch: Disabled
 Parallel Workers: 8
 Concurrent Workers: 2
 Concurrent Refinement Workers: 8
 Periodic GC: Disabled
Heap:
 garbage-first heap   total 108544K, used 64193K [0x0000000703600000, 0x0000000800000000)
  region size 2048K, 14 young (28672K), 1 survivors (2048K)
 Metaspace       used 70636K, committed 71296K, reserved 1114112K
  class space    used 9600K, committed 9920K, reserved 1048576K
GC Heap History (20 events):
Event: 4.521 GC heap before
{Heap before GC invocations=14 (full 0):
 garbage-first heap   total 90112K, used 68690K [0x0000000703600000, 0x0000000800000000)
  region size 2048K, 23 young (47104K), 3 survivors (6144K)
 Metaspace       used 55871K, committed 56384K, reserved 1114112K
  class space    used 7638K, committed 7872K, reserved 1048576K
}
Event: 4.525 GC heap after
{Heap after GC invocations=15 (full 0):
 garbage-first heap   total 90112K, used 30466K [0x0000000703600000, 0x0000000800000000)
  region size 2048K, 3 young (6144K), 3 survivors (6144K)
 Metaspace       used 55871K, committed 56384K, reserved 1114112K
  class space    used 7638K, committed 7872K, reserved 1048576K
}
Event: 4.768 GC heap before
{Heap before GC invocations=15 (full 0):
 garbage-first heap   total 90112K, used 67330K [0x0000000703600000, 0x0000000800000000)
  region size 2048K, 21 young (43008K), 3 survivors (6144K)
 Metaspace       used 57817K, committed 58240K, reserved 1114112K
  class space    used 7888K, committed 8064K, reserved 1048576K
}
Event: 4.771 GC heap after
{Heap after GC invocations=16 (full 0):
 garbage-first heap   total 90112K, used 32690K [0x0000000703600000, 0x0000000800000000)
  region size 2048K, 3 young (6144K), 3 survivors (6144K)
 Metaspace       used 57817K, committed 58240K, reserved 1114112K
  class space    used 7888K, committed 8064K, reserved 1048576K
}
Event: 4.980 GC heap before
{Heap before GC invocations=16 (full 0):
 garbage-first heap   total 90112K, used 69554K [0x0000000703600000, 0x0000000800000000)
  region size 2048K, 21 young (43008K), 3 survivors (6144K)
 Metaspace       used 59656K, committed 60096K, reserved 1114112K
  class space    used 8067K, committed 8256K, reserved 1048576K
}
Event: 4.983 GC heap after
{Heap after GC invocations=17 (full 0):
 garbage-first heap   total 90112K, used 33652K [0x0000000703600000, 0x0000000800000000)
  region size 2048K, 2 young (4096K), 2 survivors (4096K)
 Metaspace       used 59656K, committed 60096K, reserved 1114112K
  class space    used 8067K, committed 8256K, reserved 1048576K
}
Event: 5.072 GC heap before
{Heap before GC invocations=17 (full 0):
 garbage-first heap   total 90112K, used 43892K [0x0000000703600000, 0x0000000800000000)
  region size 2048K, 8 young (16384K), 2 survivors (4096K)
 Metaspace       used 60157K, committed 60608K, reserved 1114112K
  class space    used 8143K, committed 8384K, reserved 1048576K
}
Event: 5.074 GC heap after
{Heap after GC invocations=18 (full 0):
 garbage-first heap   total 108544K, used 34417K [0x0000000703600000, 0x0000000800000000)
  region size 2048K, 2 young (4096K), 2 survivors (4096K)
 Metaspace       used 60157K, committed 60608K, reserved 1114112K
  class space    used 8143K, committed 8384K, reserved 1048576K
}
Event: 5.395 GC heap before
{Heap before GC invocations=19 (full 0):
 garbage-first heap   total 108544K, used 85617K [0x0000000703600000, 0x0000000800000000)
  region size 2048K, 27 young (55296K), 2 survivors (4096K)
 Metaspace       used 61655K, committed 62080K, reserved 1114112K
  class space    used 8375K, committed 8576K, reserved 1048576K
}
Event: 5.399 GC heap after
{Heap after GC invocations=20 (full 0):
 garbage-first heap   total 108544K, used 36656K [0x0000000703600000, 0x0000000800000000)
  region size 2048K, 4 young (8192K), 4 survivors (8192K)
 Metaspace       used 61655K, committed 62080K, reserved 1114112K
  class space    used 8375K, committed 8576K, reserved 1048576K
}
Event: 41.357 GC heap before
{Heap before GC invocations=20 (full 0):
 garbage-first heap   total 108544K, used 83760K [0x0000000703600000, 0x0000000800000000)
  region size 2048K, 27 young (55296K), 4 survivors (8192K)
 Metaspace       used 66793K, committed 67328K, reserved 1114112K
  class space    used 9057K, committed 9280K, reserved 1048576K
}
Event: 41.362 GC heap after
{Heap after GC invocations=21 (full 0):
 garbage-first heap   total 108544K, used 38235K [0x0000000703600000, 0x0000000800000000)
  region size 2048K, 4 young (8192K), 4 survivors (8192K)
 Metaspace       used 66793K, committed 67328K, reserved 1114112K
  class space    used 9057K, committed 9280K, reserved 1048576K
}
Event: 122.302 GC heap before
{Heap before GC invocations=21 (full 0):
 garbage-first heap   total 108544K, used 83291K [0x0000000703600000, 0x0000000800000000)
  region size 2048K, 26 young (53248K), 4 survivors (8192K)
 Metaspace       used 69605K, committed 70144K, reserved 1114112K
  class space    used 9443K, committed 9664K, reserved 1048576K
}
Event: 122.308 GC heap after
{Heap after GC invocations=22 (full 0):
 garbage-first heap   total 108544K, used 40973K [0x0000000703600000, 0x0000000800000000)
  region size 2048K, 3 young (6144K), 3 survivors (6144K)
 Metaspace       used 69605K, committed 70144K, reserved 1114112K
  class space    used 9443K, committed 9664K, reserved 1048576K
}
Event: 171.294 GC heap before
{Heap before GC invocations=22 (full 0):
 garbage-first heap   total 108544K, used 86029K [0x0000000703600000, 0x0000000800000000)
  region size 2048K, 25 young (51200K), 3 survivors (6144K)
 Metaspace       used 70460K, committed 71168K, reserved 1114112K
  class space    used 9572K, committed 9920K, reserved 1048576K
}
Event: 171.299 GC heap after
{Heap after GC invocations=23 (full 0):
 garbage-first heap   total 108544K, used 41932K [0x0000000703600000, 0x0000000800000000)
  region size 2048K, 2 young (4096K), 2 survivors (4096K)
 Metaspace       used 70460K, committed 71168K, reserved 1114112K
  class space    used 9572K, committed 9920K, reserved 1048576K
}
Event: 241.834 GC heap before
{Heap before GC invocations=23 (full 0):
 garbage-first heap   total 108544K, used 86988K [0x0000000703600000, 0x0000000800000000)
  region size 2048K, 24 young (49152K), 2 survivors (4096K)
 Metaspace       used 70481K, committed 71168K, reserved 1114112K
  class space    used 9577K, committed 9920K, reserved 1048576K
}
Event: 241.837 GC heap after
{Heap after GC invocations=24 (full 0):
 garbage-first heap   total 108544K, used 41729K [0x0000000703600000, 0x0000000800000000)
  region size 2048K, 1 young (2048K), 1 survivors (2048K)
 Metaspace       used 70481K, committed 71168K, reserved 1114112K
  class space    used 9577K, committed 9920K, reserved 1048576K
}
Event: 344.897 GC heap before
{Heap before GC invocations=24 (full 0):
 garbage-first heap   total 108544K, used 86785K [0x0000000703600000, 0x0000000800000000)
  region size 2048K, 23 young (47104K), 1 survivors (2048K)
 Metaspace       used 70607K, committed 71296K, reserved 1114112K
  class space    used 9593K, committed 9920K, reserved 1048576K
}
Event: 344.902 GC heap after
{Heap after GC invocations=25 (full 0):
 garbage-first heap   total 108544K, used 41665K [0x0000000703600000, 0x0000000800000000)
  region size 2048K, 1 young (2048K), 1 survivors (2048K)
 Metaspace       used 70607K, committed 71296K, reserved 1114112K
  class space    used 9593K, committed 9920K, reserved 1048576K
}

